  bst.cpp
  main.cpp
D:\VS\IDE\VC\Tools\MSVC\14.28.29333\include\xmemory(230,12): error C2664: 'node<T>::node(const node<T> &)': cannot convert argument 1 from '_Ty' to 'const node<T> &'
          with
          [
              T=int
          ]
          and
          [
              _Ty=node<int> *
          ]
          and
          [
              T=int
          ]
D:\VS\IDE\VC\Tools\MSVC\14.28.29333\include\xmemory(228,1): message : Reason: cannot convert from '_Ty' to 'const node<T>'
          with
          [
              _Ty=node<int> *
          ]
          and
          [
              T=int
          ]
D:\VS\IDE\VC\Tools\MSVC\14.28.29333\include\xmemory(228,1): message : No constructor could take the source type, or constructor overload resolution was ambiguous
D:\GitHub\projects\C-like lessons\C++ lessons\Structures\bst.h(17,1): message : see declaration of 'node<T>::node'
          with
          [
              T=int
          ]
D:\VS\IDE\VC\Tools\MSVC\14.28.29333\include\memory(1563): message : see reference to function template instantiation 'void std::_Construct_in_place<_Ty,node<T>*>(_Ty &,node<T> *&&) noexcept(false)' being compiled
          with
          [
              _Ty=node<int>,
              T=int
          ]
D:\VS\IDE\VC\Tools\MSVC\14.28.29333\include\memory(2207): message : see reference to function template instantiation 'std::_Ref_count_obj2<_Ty>::_Ref_count_obj2<node<T>*>(node<T> *&&)' being compiled
          with
          [
              _Ty=node<int>,
              T=int
          ]
D:\VS\IDE\VC\Tools\MSVC\14.28.29333\include\memory(2208): message : see reference to function template instantiation 'std::_Ref_count_obj2<_Ty>::_Ref_count_obj2<node<T>*>(node<T> *&&)' being compiled
          with
          [
              _Ty=node<int>,
              T=int
          ]
D:\GitHub\projects\C-like lessons\C++ lessons\Structures\bst.cpp(54): message : see reference to function template instantiation 'std::shared_ptr<node<T>> std::make_shared<node<T>,node<T>*>(node<T> *&&)' being compiled
          with
          [
              T=int
          ]
D:\GitHub\projects\C-like lessons\C++ lessons\Structures\bst.cpp(46): message : while compiling class template member function 'void bst<int>::add(T)'
          with
          [
              T=int
          ]
D:\GitHub\projects\C-like lessons\C++ lessons\Structures\main.cpp(7): message : see reference to function template instantiation 'void bst<int>::add(T)' being compiled
          with
          [
              T=int
          ]
D:\GitHub\projects\C-like lessons\C++ lessons\Structures\main.cpp(6): message : see reference to class template instantiation 'bst<int>' being compiled
D:\VS\IDE\VC\Tools\MSVC\14.28.29333\include\xmemory(230,12): error C2664: 'node<T>::node(const node<T> &)': cannot convert argument 1 from '_Ty' to 'const node<T> &'
          with
          [
              T=int
          ]
          and
          [
              _Ty=nullptr
          ]
          and
          [
              T=int
          ]
D:\VS\IDE\VC\Tools\MSVC\14.28.29333\include\xmemory(228,1): message : Reason: cannot convert from '_Ty' to 'const node<T>'
          with
          [
              _Ty=nullptr
          ]
          and
          [
              T=int
          ]
D:\VS\IDE\VC\Tools\MSVC\14.28.29333\include\xmemory(228,1): message : No constructor could take the source type, or constructor overload resolution was ambiguous
D:\GitHub\projects\C-like lessons\C++ lessons\Structures\bst.h(17,1): message : see declaration of 'node<T>::node'
          with
          [
              T=int
          ]
D:\VS\IDE\VC\Tools\MSVC\14.28.29333\include\memory(1563): message : see reference to function template instantiation 'void std::_Construct_in_place<_Ty,nullptr>(_Ty &,nullptr &&) noexcept(false)' being compiled
          with
          [
              _Ty=node<int>
          ]
D:\VS\IDE\VC\Tools\MSVC\14.28.29333\include\memory(2207): message : see reference to function template instantiation 'std::_Ref_count_obj2<_Ty>::_Ref_count_obj2<nullptr>(nullptr &&)' being compiled
          with
          [
              _Ty=node<int>
          ]
D:\VS\IDE\VC\Tools\MSVC\14.28.29333\include\memory(2208): message : see reference to function template instantiation 'std::_Ref_count_obj2<_Ty>::_Ref_count_obj2<nullptr>(nullptr &&)' being compiled
          with
          [
              _Ty=node<int>
          ]
D:\GitHub\projects\C-like lessons\C++ lessons\Structures\bst.cpp(64): message : see reference to function template instantiation 'std::shared_ptr<node<T>> std::make_shared<node<T>,nullptr>(nullptr &&)' being compiled
          with
          [
              T=int
          ]
  Generating Code...
